{"C:\\Users\\DELL\\resume-matcher-devops\\lib\\extractResumeText.js": {"path":"C:\\Users\\DELL\\resume-matcher-devops\\lib\\extractResumeText.js","statementMap":{"0":{"start":{"line":10,"column":2},"end":{"line":57,"column":3}},"1":{"start":{"line":14,"column":4},"end":{"line":21,"column":5}},"2":{"start":{"line":15,"column":6},"end":{"line":15,"column":21}},"3":{"start":{"line":16,"column":11},"end":{"line":21,"column":5}},"4":{"start":{"line":17,"column":27},"end":{"line":17,"column":94}},"5":{"start":{"line":18,"column":6},"end":{"line":18,"column":47}},"6":{"start":{"line":20,"column":6},"end":{"line":20,"column":75}},"7":{"start":{"line":24,"column":19},"end":{"line":24,"column":50}},"8":{"start":{"line":25,"column":20},"end":{"line":25,"column":38}},"9":{"start":{"line":28,"column":4},"end":{"line":34,"column":5}},"10":{"start":{"line":29,"column":6},"end":{"line":29,"column":84}},"11":{"start":{"line":30,"column":6},"end":{"line":33,"column":8}},"12":{"start":{"line":37,"column":21},"end":{"line":37,"column":43}},"13":{"start":{"line":38,"column":24},"end":{"line":45,"column":36}},"14":{"start":{"line":40,"column":54},"end":{"line":40,"column":64}},"15":{"start":{"line":41,"column":23},"end":{"line":42,"column":76}},"16":{"start":{"line":43,"column":8},"end":{"line":43,"column":58}},"17":{"start":{"line":45,"column":19},"end":{"line":45,"column":35}},"18":{"start":{"line":47,"column":4},"end":{"line":50,"column":6}},"19":{"start":{"line":54,"column":25},"end":{"line":54,"column":73}},"20":{"start":{"line":55,"column":4},"end":{"line":55,"column":70}},"21":{"start":{"line":56,"column":4},"end":{"line":56,"column":23}}},"fnMap":{"0":{"name":"extractResumeText","decl":{"start":{"line":9,"column":22},"end":{"line":9,"column":39}},"loc":{"start":{"line":9,"column":47},"end":{"line":58,"column":1}},"line":9},"1":{"name":"(anonymous_1)","decl":{"start":{"line":39,"column":14},"end":{"line":39,"column":15}},"loc":{"start":{"line":39,"column":22},"end":{"line":44,"column":7}},"line":39},"2":{"name":"(anonymous_2)","decl":{"start":{"line":45,"column":11},"end":{"line":45,"column":12}},"loc":{"start":{"line":45,"column":19},"end":{"line":45,"column":35}},"line":45}},"branchMap":{"0":{"loc":{"start":{"line":14,"column":4},"end":{"line":21,"column":5}},"type":"if","locations":[{"start":{"line":14,"column":4},"end":{"line":21,"column":5}},{"start":{"line":16,"column":11},"end":{"line":21,"column":5}}],"line":14},"1":{"loc":{"start":{"line":16,"column":11},"end":{"line":21,"column":5}},"type":"if","locations":[{"start":{"line":16,"column":11},"end":{"line":21,"column":5}},{"start":{"line":19,"column":11},"end":{"line":21,"column":5}}],"line":16},"2":{"loc":{"start":{"line":17,"column":27},"end":{"line":17,"column":94}},"type":"cond-expr","locations":[{"start":{"line":17,"column":52},"end":{"line":17,"column":57}},{"start":{"line":17,"column":60},"end":{"line":17,"column":94}}],"line":17},"3":{"loc":{"start":{"line":25,"column":20},"end":{"line":25,"column":38}},"type":"binary-expr","locations":[{"start":{"line":25,"column":20},"end":{"line":25,"column":32}},{"start":{"line":25,"column":36},"end":{"line":25,"column":38}}],"line":25},"4":{"loc":{"start":{"line":28,"column":4},"end":{"line":34,"column":5}},"type":"if","locations":[{"start":{"line":28,"column":4},"end":{"line":34,"column":5}},{"start":{},"end":{}}],"line":28},"5":{"loc":{"start":{"line":37,"column":21},"end":{"line":37,"column":43}},"type":"binary-expr","locations":[{"start":{"line":37,"column":21},"end":{"line":37,"column":37}},{"start":{"line":37,"column":41},"end":{"line":37,"column":43}}],"line":37},"6":{"loc":{"start":{"line":40,"column":54},"end":{"line":40,"column":64}},"type":"binary-expr","locations":[{"start":{"line":40,"column":54},"end":{"line":40,"column":58}},{"start":{"line":40,"column":62},"end":{"line":40,"column":64}}],"line":40},"7":{"loc":{"start":{"line":41,"column":23},"end":{"line":42,"column":76}},"type":"binary-expr","locations":[{"start":{"line":41,"column":24},"end":{"line":41,"column":34}},{"start":{"line":41,"column":38},"end":{"line":41,"column":55}},{"start":{"line":42,"column":24},"end":{"line":42,"column":32}},{"start":{"line":42,"column":36},"end":{"line":42,"column":75}}],"line":41},"8":{"loc":{"start":{"line":43,"column":15},"end":{"line":43,"column":57}},"type":"binary-expr","locations":[{"start":{"line":43,"column":15},"end":{"line":43,"column":21}},{"start":{"line":43,"column":25},"end":{"line":43,"column":30}},{"start":{"line":43,"column":34},"end":{"line":43,"column":57}}],"line":43}},"s":{"0":4,"1":4,"2":2,"3":2,"4":1,"5":1,"6":1,"7":3,"8":2,"9":2,"10":0,"11":0,"12":2,"13":2,"14":3,"15":3,"16":3,"17":2,"18":2,"19":2,"20":2,"21":2},"f":{"0":4,"1":3,"2":2},"b":{"0":[2,2],"1":[1,1],"2":[0,1],"3":[2,0],"4":[0,2],"5":[2,0],"6":[3,0],"7":[3,2,2,1],"8":[3,2,2]},"_coverageSchema":"1a1c01bbd47fc00a2c39e90264f33305004495a9","hash":"97c9d65b876f832ec519f62b7a06187bc37ec67e"}
,"C:\\Users\\DELL\\resume-matcher-devops\\lib\\scrapeGoogleJobs.js": {"path":"C:\\Users\\DELL\\resume-matcher-devops\\lib\\scrapeGoogleJobs.js","statementMap":{"0":{"start":{"line":4,"column":0},"end":{"line":4,"column":16}},"1":{"start":{"line":8,"column":2},"end":{"line":8,"column":24}},"2":{"start":{"line":8,"column":14},"end":{"line":8,"column":24}},"3":{"start":{"line":9,"column":17},"end":{"line":9,"column":19}},"4":{"start":{"line":11,"column":2},"end":{"line":17,"column":3}},"5":{"start":{"line":12,"column":4},"end":{"line":12,"column":91}},"6":{"start":{"line":13,"column":9},"end":{"line":17,"column":3}},"7":{"start":{"line":14,"column":4},"end":{"line":14,"column":34}},"8":{"start":{"line":15,"column":9},"end":{"line":17,"column":3}},"9":{"start":{"line":16,"column":4},"end":{"line":16,"column":21}},"10":{"start":{"line":19,"column":2},"end":{"line":23,"column":21}},"11":{"start":{"line":22,"column":14},"end":{"line":22,"column":22}},"12":{"start":{"line":28,"column":18},"end":{"line":28,"column":56}},"13":{"start":{"line":29,"column":16},"end":{"line":29,"column":37}},"14":{"start":{"line":30,"column":16},"end":{"line":30,"column":94}},"15":{"start":{"line":32,"column":20},"end":{"line":32,"column":51}},"16":{"start":{"line":33,"column":23},"end":{"line":33,"column":79}},"17":{"start":{"line":34,"column":18},"end":{"line":34,"column":75}},"18":{"start":{"line":37,"column":17},"end":{"line":37,"column":25}},"19":{"start":{"line":38,"column":2},"end":{"line":39,"column":57}},"20":{"start":{"line":38,"column":32},"end":{"line":38,"column":52}},"21":{"start":{"line":39,"column":7},"end":{"line":39,"column":57}},"22":{"start":{"line":39,"column":37},"end":{"line":39,"column":57}},"23":{"start":{"line":41,"column":2},"end":{"line":51,"column":4}},"24":{"start":{"line":55,"column":14},"end":{"line":55,"column":143}},"25":{"start":{"line":56,"column":2},"end":{"line":69,"column":3}},"26":{"start":{"line":57,"column":21},"end":{"line":57,"column":41}},"27":{"start":{"line":58,"column":4},"end":{"line":58,"column":90}},"28":{"start":{"line":58,"column":48},"end":{"line":58,"column":90}},"29":{"start":{"line":61,"column":20},"end":{"line":63,"column":48}},"30":{"start":{"line":62,"column":22},"end":{"line":62,"column":66}},"31":{"start":{"line":63,"column":19},"end":{"line":63,"column":47}},"32":{"start":{"line":65,"column":4},"end":{"line":65,"column":75}},"33":{"start":{"line":68,"column":4},"end":{"line":68,"column":89}},"34":{"start":{"line":74,"column":16},"end":{"line":74,"column":66}},"35":{"start":{"line":75,"column":19},"end":{"line":75,"column":76}},"36":{"start":{"line":76,"column":19},"end":{"line":76,"column":76}},"37":{"start":{"line":79,"column":18},"end":{"line":79,"column":98}},"38":{"start":{"line":79,"column":73},"end":{"line":79,"column":81}},"39":{"start":{"line":80,"column":13},"end":{"line":80,"column":37}},"40":{"start":{"line":82,"column":2},"end":{"line":82,"column":40}},"41":{"start":{"line":82,"column":30},"end":{"line":82,"column":40}},"42":{"start":{"line":84,"column":19},"end":{"line":84,"column":37}},"43":{"start":{"line":85,"column":2},"end":{"line":85,"column":39}},"44":{"start":{"line":85,"column":29},"end":{"line":85,"column":39}},"45":{"start":{"line":87,"column":22},"end":{"line":87,"column":114}},"46":{"start":{"line":87,"column":43},"end":{"line":87,"column":51}},"47":{"start":{"line":89,"column":2},"end":{"line":89,"column":67}},"48":{"start":{"line":89,"column":33},"end":{"line":89,"column":67}},"49":{"start":{"line":91,"column":21},"end":{"line":91,"column":23}},"50":{"start":{"line":93,"column":19},"end":{"line":93,"column":20}},"51":{"start":{"line":95,"column":2},"end":{"line":115,"column":3}},"52":{"start":{"line":95,"column":15},"end":{"line":95,"column":16}},"53":{"start":{"line":96,"column":18},"end":{"line":96,"column":28}},"54":{"start":{"line":97,"column":18},"end":{"line":97,"column":23}},"55":{"start":{"line":99,"column":4},"end":{"line":111,"column":5}},"56":{"start":{"line":100,"column":18},"end":{"line":100,"column":83}},"57":{"start":{"line":102,"column":6},"end":{"line":107,"column":7}},"58":{"start":{"line":103,"column":8},"end":{"line":103,"column":38}},"59":{"start":{"line":104,"column":8},"end":{"line":104,"column":23}},"60":{"start":{"line":105,"column":8},"end":{"line":105,"column":37}},"61":{"start":{"line":105,"column":31},"end":{"line":105,"column":37}},"62":{"start":{"line":106,"column":8},"end":{"line":106,"column":14}},"63":{"start":{"line":109,"column":6},"end":{"line":109,"column":35}},"64":{"start":{"line":109,"column":29},"end":{"line":109,"column":35}},"65":{"start":{"line":110,"column":6},"end":{"line":110,"column":41}},"66":{"start":{"line":110,"column":35},"end":{"line":110,"column":41}},"67":{"start":{"line":114,"column":4},"end":{"line":114,"column":24}},"68":{"start":{"line":114,"column":18},"end":{"line":114,"column":24}},"69":{"start":{"line":117,"column":2},"end":{"line":119,"column":4}},"70":{"start":{"line":118,"column":4},"end":{"line":118,"column":78}}},"fnMap":{"0":{"name":"getKeywords","decl":{"start":{"line":7,"column":9},"end":{"line":7,"column":20}},"loc":{"start":{"line":7,"column":28},"end":{"line":24,"column":1}},"line":7},"1":{"name":"(anonymous_1)","decl":{"start":{"line":22,"column":9},"end":{"line":22,"column":10}},"loc":{"start":{"line":22,"column":14},"end":{"line":22,"column":22}},"line":22},"2":{"name":"parseJobItem","decl":{"start":{"line":27,"column":9},"end":{"line":27,"column":21}},"loc":{"start":{"line":27,"column":38},"end":{"line":52,"column":1}},"line":27},"3":{"name":"fetchPageResults","decl":{"start":{"line":54,"column":15},"end":{"line":54,"column":31}},"loc":{"start":{"line":54,"column":78},"end":{"line":70,"column":1}},"line":54},"4":{"name":"(anonymous_4)","decl":{"start":{"line":62,"column":14},"end":{"line":62,"column":15}},"loc":{"start":{"line":62,"column":22},"end":{"line":62,"column":66}},"line":62},"5":{"name":"(anonymous_5)","decl":{"start":{"line":63,"column":11},"end":{"line":63,"column":12}},"loc":{"start":{"line":63,"column":19},"end":{"line":63,"column":47}},"line":63},"6":{"name":"scrapeGoogleJobs","decl":{"start":{"line":73,"column":22},"end":{"line":73,"column":38}},"loc":{"start":{"line":73,"column":94},"end":{"line":120,"column":1}},"line":73},"7":{"name":"(anonymous_7)","decl":{"start":{"line":79,"column":68},"end":{"line":79,"column":69}},"loc":{"start":{"line":79,"column":73},"end":{"line":79,"column":81}},"line":79},"8":{"name":"(anonymous_8)","decl":{"start":{"line":87,"column":38},"end":{"line":87,"column":39}},"loc":{"start":{"line":87,"column":43},"end":{"line":87,"column":51}},"line":87},"9":{"name":"(anonymous_9)","decl":{"start":{"line":117,"column":27},"end":{"line":117,"column":28}},"loc":{"start":{"line":118,"column":4},"end":{"line":118,"column":78}},"line":118}},"branchMap":{"0":{"loc":{"start":{"line":8,"column":2},"end":{"line":8,"column":24}},"type":"if","locations":[{"start":{"line":8,"column":2},"end":{"line":8,"column":24}},{"start":{},"end":{}}],"line":8},"1":{"loc":{"start":{"line":11,"column":2},"end":{"line":17,"column":3}},"type":"if","locations":[{"start":{"line":11,"column":2},"end":{"line":17,"column":3}},{"start":{"line":13,"column":9},"end":{"line":17,"column":3}}],"line":11},"2":{"loc":{"start":{"line":11,"column":6},"end":{"line":11,"column":56}},"type":"binary-expr","locations":[{"start":{"line":11,"column":6},"end":{"line":11,"column":31}},{"start":{"line":11,"column":35},"end":{"line":11,"column":56}}],"line":11},"3":{"loc":{"start":{"line":12,"column":15},"end":{"line":12,"column":90}},"type":"cond-expr","locations":[{"start":{"line":12,"column":44},"end":{"line":12,"column":68}},{"start":{"line":12,"column":72},"end":{"line":12,"column":89}}],"line":12},"4":{"loc":{"start":{"line":12,"column":72},"end":{"line":12,"column":89}},"type":"binary-expr","locations":[{"start":{"line":12,"column":72},"end":{"line":12,"column":83}},{"start":{"line":12,"column":87},"end":{"line":12,"column":89}}],"line":12},"5":{"loc":{"start":{"line":13,"column":9},"end":{"line":17,"column":3}},"type":"if","locations":[{"start":{"line":13,"column":9},"end":{"line":17,"column":3}},{"start":{"line":15,"column":9},"end":{"line":17,"column":3}}],"line":13},"6":{"loc":{"start":{"line":15,"column":9},"end":{"line":17,"column":3}},"type":"if","locations":[{"start":{"line":15,"column":9},"end":{"line":17,"column":3}},{"start":{},"end":{}}],"line":15},"7":{"loc":{"start":{"line":28,"column":18},"end":{"line":28,"column":56}},"type":"binary-expr","locations":[{"start":{"line":28,"column":18},"end":{"line":28,"column":30}},{"start":{"line":28,"column":34},"end":{"line":28,"column":50}},{"start":{"line":28,"column":54},"end":{"line":28,"column":56}}],"line":28},"8":{"loc":{"start":{"line":30,"column":16},"end":{"line":30,"column":94}},"type":"binary-expr","locations":[{"start":{"line":30,"column":16},"end":{"line":30,"column":75}},{"start":{"line":30,"column":79},"end":{"line":30,"column":94}}],"line":30},"9":{"loc":{"start":{"line":33,"column":23},"end":{"line":33,"column":79}},"type":"binary-expr","locations":[{"start":{"line":33,"column":23},"end":{"line":33,"column":47}},{"start":{"line":33,"column":51},"end":{"line":33,"column":79}}],"line":33},"10":{"loc":{"start":{"line":34,"column":18},"end":{"line":34,"column":75}},"type":"cond-expr","locations":[{"start":{"line":34,"column":33},"end":{"line":34,"column":55}},{"start":{"line":34,"column":58},"end":{"line":34,"column":75}}],"line":34},"11":{"loc":{"start":{"line":38,"column":2},"end":{"line":39,"column":57}},"type":"if","locations":[{"start":{"line":38,"column":2},"end":{"line":39,"column":57}},{"start":{"line":39,"column":7},"end":{"line":39,"column":57}}],"line":38},"12":{"loc":{"start":{"line":39,"column":7},"end":{"line":39,"column":57}},"type":"if","locations":[{"start":{"line":39,"column":7},"end":{"line":39,"column":57}},{"start":{},"end":{}}],"line":39},"13":{"loc":{"start":{"line":44,"column":14},"end":{"line":44,"column":34}},"type":"binary-expr","locations":[{"start":{"line":44,"column":14},"end":{"line":44,"column":22}},{"start":{"line":44,"column":26},"end":{"line":44,"column":34}}],"line":44},"14":{"loc":{"start":{"line":47,"column":21},"end":{"line":47,"column":129}},"type":"cond-expr","locations":[{"start":{"line":47,"column":43},"end":{"line":47,"column":50}},{"start":{"line":47,"column":53},"end":{"line":47,"column":129}}],"line":47},"15":{"loc":{"start":{"line":49,"column":17},"end":{"line":49,"column":78}},"type":"cond-expr","locations":[{"start":{"line":49,"column":60},"end":{"line":49,"column":67}},{"start":{"line":49,"column":70},"end":{"line":49,"column":78}}],"line":49},"16":{"loc":{"start":{"line":58,"column":4},"end":{"line":58,"column":90}},"type":"if","locations":[{"start":{"line":58,"column":4},"end":{"line":58,"column":90}},{"start":{},"end":{}}],"line":58},"17":{"loc":{"start":{"line":58,"column":8},"end":{"line":58,"column":46}},"type":"binary-expr","locations":[{"start":{"line":58,"column":8},"end":{"line":58,"column":19}},{"start":{"line":58,"column":23},"end":{"line":58,"column":46}}],"line":58},"18":{"loc":{"start":{"line":68,"column":26},"end":{"line":68,"column":53}},"type":"binary-expr","locations":[{"start":{"line":68,"column":26},"end":{"line":68,"column":46}},{"start":{"line":68,"column":50},"end":{"line":68,"column":53}}],"line":68},"19":{"loc":{"start":{"line":73,"column":39},"end":{"line":73,"column":49}},"type":"default-arg","locations":[{"start":{"line":73,"column":47},"end":{"line":73,"column":49}}],"line":73},"20":{"loc":{"start":{"line":73,"column":51},"end":{"line":73,"column":69}},"type":"default-arg","locations":[{"start":{"line":73,"column":67},"end":{"line":73,"column":69}}],"line":73},"21":{"loc":{"start":{"line":73,"column":71},"end":{"line":73,"column":92}},"type":"default-arg","locations":[{"start":{"line":73,"column":87},"end":{"line":73,"column":92}}],"line":73},"22":{"loc":{"start":{"line":74,"column":16},"end":{"line":74,"column":66}},"type":"binary-expr","locations":[{"start":{"line":74,"column":16},"end":{"line":74,"column":41}},{"start":{"line":74,"column":45},"end":{"line":74,"column":66}}],"line":74},"23":{"loc":{"start":{"line":75,"column":19},"end":{"line":75,"column":76}},"type":"cond-expr","locations":[{"start":{"line":75,"column":28},"end":{"line":75,"column":59}},{"start":{"line":75,"column":63},"end":{"line":75,"column":76}}],"line":75},"24":{"loc":{"start":{"line":75,"column":28},"end":{"line":75,"column":59}},"type":"binary-expr","locations":[{"start":{"line":75,"column":28},"end":{"line":75,"column":42}},{"start":{"line":75,"column":46},"end":{"line":75,"column":59}}],"line":75},"25":{"loc":{"start":{"line":76,"column":19},"end":{"line":76,"column":76}},"type":"cond-expr","locations":[{"start":{"line":76,"column":28},"end":{"line":76,"column":59}},{"start":{"line":76,"column":63},"end":{"line":76,"column":76}}],"line":76},"26":{"loc":{"start":{"line":76,"column":28},"end":{"line":76,"column":59}},"type":"binary-expr","locations":[{"start":{"line":76,"column":28},"end":{"line":76,"column":42}},{"start":{"line":76,"column":46},"end":{"line":76,"column":59}}],"line":76},"27":{"loc":{"start":{"line":79,"column":19},"end":{"line":79,"column":51}},"type":"binary-expr","locations":[{"start":{"line":79,"column":19},"end":{"line":79,"column":45}},{"start":{"line":79,"column":49},"end":{"line":79,"column":51}}],"line":79},"28":{"loc":{"start":{"line":82,"column":2},"end":{"line":82,"column":40}},"type":"if","locations":[{"start":{"line":82,"column":2},"end":{"line":82,"column":40}},{"start":{},"end":{}}],"line":82},"29":{"loc":{"start":{"line":82,"column":6},"end":{"line":82,"column":28}},"type":"binary-expr","locations":[{"start":{"line":82,"column":6},"end":{"line":82,"column":21}},{"start":{"line":82,"column":25},"end":{"line":82,"column":28}}],"line":82},"30":{"loc":{"start":{"line":85,"column":2},"end":{"line":85,"column":39}},"type":"if","locations":[{"start":{"line":85,"column":2},"end":{"line":85,"column":39}},{"start":{},"end":{}}],"line":85},"31":{"loc":{"start":{"line":89,"column":2},"end":{"line":89,"column":67}},"type":"if","locations":[{"start":{"line":89,"column":2},"end":{"line":89,"column":67}},{"start":{},"end":{}}],"line":89},"32":{"loc":{"start":{"line":102,"column":6},"end":{"line":107,"column":7}},"type":"if","locations":[{"start":{"line":102,"column":6},"end":{"line":107,"column":7}},{"start":{},"end":{}}],"line":102},"33":{"loc":{"start":{"line":105,"column":8},"end":{"line":105,"column":37}},"type":"if","locations":[{"start":{"line":105,"column":8},"end":{"line":105,"column":37}},{"start":{},"end":{}}],"line":105},"34":{"loc":{"start":{"line":109,"column":6},"end":{"line":109,"column":35}},"type":"if","locations":[{"start":{"line":109,"column":6},"end":{"line":109,"column":35}},{"start":{},"end":{}}],"line":109},"35":{"loc":{"start":{"line":110,"column":6},"end":{"line":110,"column":41}},"type":"if","locations":[{"start":{"line":110,"column":6},"end":{"line":110,"column":41}},{"start":{},"end":{}}],"line":110},"36":{"loc":{"start":{"line":114,"column":4},"end":{"line":114,"column":24}},"type":"if","locations":[{"start":{"line":114,"column":4},"end":{"line":114,"column":24}},{"start":{},"end":{}}],"line":114},"37":{"loc":{"start":{"line":118,"column":4},"end":{"line":118,"column":78}},"type":"binary-expr","locations":[{"start":{"line":118,"column":4},"end":{"line":118,"column":22}},{"start":{"line":118,"column":26},"end":{"line":118,"column":78}}],"line":118}},"s":{"0":1,"1":3,"2":0,"3":3,"4":3,"5":3,"6":0,"7":0,"8":0,"9":0,"10":3,"11":3,"12":4,"13":4,"14":4,"15":4,"16":4,"17":4,"18":4,"19":4,"20":3,"21":1,"22":0,"23":4,"24":5,"25":5,"26":5,"27":4,"28":0,"29":4,"30":4,"31":4,"32":4,"33":1,"34":4,"35":4,"36":4,"37":4,"38":7,"39":4,"40":4,"41":1,"42":3,"43":3,"44":0,"45":3,"46":3,"47":3,"48":1,"49":2,"50":2,"51":2,"52":2,"53":4,"54":4,"55":4,"56":5,"57":5,"58":4,"59":4,"60":4,"61":4,"62":0,"63":1,"64":0,"65":1,"66":0,"67":4,"68":0,"69":2,"70":4},"f":{"0":3,"1":3,"2":4,"3":5,"4":4,"5":4,"6":4,"7":7,"8":3,"9":4},"b":{"0":[0,3],"1":[3,0],"2":[3,3],"3":[1,2],"4":[2,0],"5":[0,0],"6":[0,0],"7":[4,0,0],"8":[4,0],"9":[4,0],"10":[4,0],"11":[3,1],"12":[0,1],"13":[4,0],"14":[4,0],"15":[0,4],"16":[0,4],"17":[4,4],"18":[1,0],"19":[0],"20":[4],"21":[4],"22":[4,4],"23":[4,0],"24":[4,1],"25":[4,0],"26":[4,3],"27":[4,1],"28":[1,3],"29":[4,3],"30":[0,3],"31":[1,2],"32":[4,1],"33":[4,0],"34":[0,1],"35":[0,1],"36":[0,4],"37":[4,2]},"_coverageSchema":"1a1c01bbd47fc00a2c39e90264f33305004495a9","hash":"dd276043f1eaa270b20755e270334a9ce98a39b7"}
,"C:\\Users\\DELL\\resume-matcher-devops\\lib\\semanticMatch.js": {"path":"C:\\Users\\DELL\\resume-matcher-devops\\lib\\semanticMatch.js","statementMap":{"0":{"start":{"line":5,"column":14},"end":{"line":5,"column":62}},"1":{"start":{"line":5,"column":41},"end":{"line":5,"column":58}},"2":{"start":{"line":6,"column":15},"end":{"line":6,"column":65}},"3":{"start":{"line":6,"column":49},"end":{"line":6,"column":60}},"4":{"start":{"line":7,"column":15},"end":{"line":7,"column":65}},"5":{"start":{"line":7,"column":49},"end":{"line":7,"column":60}},"6":{"start":{"line":8,"column":2},"end":{"line":8,"column":29}},"7":{"start":{"line":12,"column":26},"end":{"line":12,"column":53}},"8":{"start":{"line":14,"column":17},"end":{"line":25,"column":5}},"9":{"start":{"line":15,"column":20},"end":{"line":15,"column":76}},"10":{"start":{"line":17,"column":4},"end":{"line":19,"column":5}},"11":{"start":{"line":18,"column":6},"end":{"line":18,"column":39}},"12":{"start":{"line":21,"column":25},"end":{"line":21,"column":49}},"13":{"start":{"line":22,"column":18},"end":{"line":22,"column":65}},"14":{"start":{"line":24,"column":4},"end":{"line":24,"column":41}},"15":{"start":{"line":28,"column":2},"end":{"line":31,"column":7}},"16":{"start":{"line":28,"column":60},"end":{"line":31,"column":3}},"17":{"start":{"line":33,"column":2},"end":{"line":33,"column":60}},"18":{"start":{"line":33,"column":31},"end":{"line":33,"column":58}}},"fnMap":{"0":{"name":"cosineSimilarity","decl":{"start":{"line":4,"column":9},"end":{"line":4,"column":25}},"loc":{"start":{"line":4,"column":38},"end":{"line":9,"column":1}},"line":4},"1":{"name":"(anonymous_1)","decl":{"start":{"line":5,"column":26},"end":{"line":5,"column":27}},"loc":{"start":{"line":5,"column":41},"end":{"line":5,"column":58}},"line":5},"2":{"name":"(anonymous_2)","decl":{"start":{"line":6,"column":37},"end":{"line":6,"column":38}},"loc":{"start":{"line":6,"column":49},"end":{"line":6,"column":60}},"line":6},"3":{"name":"(anonymous_3)","decl":{"start":{"line":7,"column":37},"end":{"line":7,"column":38}},"loc":{"start":{"line":7,"column":49},"end":{"line":7,"column":60}},"line":7},"4":{"name":"scoreJobs","decl":{"start":{"line":11,"column":22},"end":{"line":11,"column":31}},"loc":{"start":{"line":11,"column":50},"end":{"line":34,"column":1}},"line":11},"5":{"name":"(anonymous_5)","decl":{"start":{"line":14,"column":44},"end":{"line":14,"column":45}},"loc":{"start":{"line":14,"column":57},"end":{"line":25,"column":3}},"line":14},"6":{"name":"(anonymous_6)","decl":{"start":{"line":28,"column":54},"end":{"line":28,"column":55}},"loc":{"start":{"line":28,"column":60},"end":{"line":31,"column":3}},"line":28},"7":{"name":"(anonymous_7)","decl":{"start":{"line":33,"column":21},"end":{"line":33,"column":22}},"loc":{"start":{"line":33,"column":31},"end":{"line":33,"column":58}},"line":33}},"branchMap":{"0":{"loc":{"start":{"line":15,"column":23},"end":{"line":15,"column":38}},"type":"binary-expr","locations":[{"start":{"line":15,"column":23},"end":{"line":15,"column":32}},{"start":{"line":15,"column":36},"end":{"line":15,"column":38}}],"line":15},"1":{"loc":{"start":{"line":15,"column":42},"end":{"line":15,"column":67}},"type":"binary-expr","locations":[{"start":{"line":15,"column":42},"end":{"line":15,"column":61}},{"start":{"line":15,"column":65},"end":{"line":15,"column":67}}],"line":15},"2":{"loc":{"start":{"line":17,"column":4},"end":{"line":19,"column":5}},"type":"if","locations":[{"start":{"line":17,"column":4},"end":{"line":19,"column":5}},{"start":{},"end":{}}],"line":17}},"s":{"0":4,"1":8,"2":4,"3":8,"4":4,"5":8,"6":4,"7":4,"8":4,"9":6,"10":6,"11":2,"12":4,"13":4,"14":4,"15":4,"16":6,"17":4,"18":2},"f":{"0":4,"1":8,"2":8,"3":8,"4":4,"5":6,"6":6,"7":2},"b":{"0":[6,1],"1":[6,1],"2":[2,4]},"_coverageSchema":"1a1c01bbd47fc00a2c39e90264f33305004495a9","hash":"292e490bd42a87467fbd7780873172e8037c7bf8"}
}
