TN:
SF:server.js
FN:73,initDB
FN:123,setHeaders
FNF:2
FNH:1
FNDA:1,initDB
FNDA:0,setHeaders
DA:1,1
DA:2,1
DA:3,1
DA:4,1
DA:5,1
DA:6,1
DA:7,1
DA:8,1
DA:9,1
DA:10,1
DA:11,1
DA:12,1
DA:13,1
DA:14,1
DA:15,1
DA:16,1
DA:17,1
DA:18,1
DA:19,1
DA:20,1
DA:21,1
DA:22,1
DA:23,1
DA:24,1
DA:25,1
DA:26,0
DA:27,0
DA:28,1
DA:29,1
DA:30,1
DA:31,1
DA:32,1
DA:33,1
DA:34,1
DA:35,1
DA:36,1
DA:37,1
DA:38,1
DA:39,1
DA:40,1
DA:41,1
DA:42,1
DA:43,1
DA:44,1
DA:45,1
DA:46,1
DA:47,1
DA:48,1
DA:49,1
DA:50,1
DA:51,1
DA:52,1
DA:53,1
DA:54,1
DA:55,0
DA:56,0
DA:57,0
DA:58,1
DA:59,1
DA:60,1
DA:61,1
DA:62,1
DA:63,1
DA:64,1
DA:65,1
DA:66,1
DA:67,1
DA:68,1
DA:69,1
DA:70,1
DA:71,1
DA:72,1
DA:73,1
DA:74,1
DA:75,1
DA:76,1
DA:77,1
DA:78,1
DA:79,0
DA:80,0
DA:81,0
DA:82,1
DA:83,1
DA:84,1
DA:85,1
DA:86,1
DA:87,1
DA:88,0
DA:89,0
DA:90,0
DA:91,1
DA:92,1
DA:93,1
DA:94,1
DA:95,1
DA:96,1
DA:97,1
DA:98,1
DA:99,1
DA:100,1
DA:101,1
DA:102,1
DA:103,1
DA:104,1
DA:105,1
DA:106,1
DA:107,1
DA:108,1
DA:109,1
DA:110,0
DA:111,0
DA:112,0
DA:113,0
DA:114,0
DA:115,0
DA:116,1
DA:117,1
DA:118,1
DA:119,1
DA:120,1
DA:121,1
DA:122,1
DA:123,1
DA:124,0
DA:125,1
DA:126,1
DA:127,1
DA:128,1
DA:129,1
DA:130,1
DA:131,1
DA:132,1
DA:133,1
DA:134,1
DA:135,1
DA:136,0
DA:137,1
DA:138,1
DA:139,1
DA:140,0
DA:141,0
DA:142,1
DA:143,1
DA:144,1
DA:145,1
DA:146,0
DA:147,0
DA:148,0
DA:149,1
DA:150,1
DA:151,1
DA:152,1
DA:153,1
DA:154,0
DA:155,0
DA:156,0
DA:157,0
DA:158,1
DA:159,1
DA:160,1
DA:161,0
DA:162,0
DA:163,0
DA:164,0
DA:165,0
DA:166,1
DA:167,1
DA:168,1
LF:168
LH:135
BRDA:20,0,0,0
BRDA:21,1,0,0
BRDA:25,2,0,0
BRDA:30,3,0,0
BRDA:49,4,0,0
BRDA:54,5,0,0
BRDA:154,6,0,0
BRDA:63,7,0,1
BRDA:73,8,0,1
BRDA:78,9,0,0
BRDA:87,10,0,0
BRDA:105,11,0,1
BRDA:108,12,0,0
BRDA:109,13,0,0
BRDA:109,14,0,0
BRDA:130,15,0,1
BRDA:133,16,0,0
BRDA:136,17,0,0
BRDA:139,18,0,0
BRF:19
BRH:4
end_of_record
TN:
SF:api\ping-supabase.js
FN:3,handler
FNF:1
FNH:1
FNDA:2,handler
DA:1,1
DA:2,1
DA:3,1
DA:4,2
DA:5,2
DA:6,1
DA:7,1
LF:7
LH:7
BRDA:3,0,0,2
BRDA:5,1,0,1
BRF:2
BRH:2
end_of_record
TN:
SF:api\resumes.js
FN:3,handler
FNF:1
FNH:1
FNDA:1,handler
DA:1,1
DA:2,1
DA:3,1
DA:4,1
DA:5,1
DA:6,0
DA:7,0
DA:8,1
DA:9,1
DA:10,1
DA:11,1
DA:12,1
DA:13,1
DA:14,1
DA:15,0
DA:16,0
DA:17,0
DA:18,1
LF:18
LH:13
BRDA:3,0,0,1
BRDA:5,1,0,0
BRDA:14,2,0,0
BRF:3
BRH:1
end_of_record
TN:
SF:api\upload-resume-clean.js
FN:13,normalizeText
FN:17,findEmail
FN:22,getBestName
FN:36,getKeywords
FN:45,handler
FN:55,fileWriteStreamHandler
FNF:6
FNH:5
FNDA:1,normalizeText
FNDA:1,findEmail
FNDA:1,getBestName
FNDA:1,getKeywords
FNDA:2,handler
FNDA:0,fileWriteStreamHandler
DA:1,1
DA:2,1
DA:3,1
DA:4,1
DA:5,1
DA:6,1
DA:7,1
DA:8,1
DA:9,1
DA:10,1
DA:11,1
DA:12,1
DA:13,1
DA:14,1
DA:15,1
DA:16,1
DA:17,1
DA:18,1
DA:19,1
DA:20,1
DA:21,1
DA:22,1
DA:23,1
DA:24,1
DA:25,1
DA:26,0
DA:27,0
DA:28,0
DA:29,0
DA:30,0
DA:31,0
DA:32,0
DA:33,0
DA:34,0
DA:35,1
DA:36,1
DA:37,1
DA:38,1
DA:39,1
DA:40,1
DA:41,1
DA:42,1
DA:43,1
DA:44,1
DA:45,1
DA:46,2
DA:47,1
DA:48,1
DA:49,1
DA:50,1
DA:51,1
DA:52,1
DA:53,1
DA:54,1
DA:55,1
DA:56,0
DA:57,0
DA:58,0
DA:59,0
DA:60,0
DA:61,0
DA:62,0
DA:63,1
DA:64,1
DA:65,1
DA:66,1
DA:67,2
DA:68,2
DA:69,2
DA:70,0
DA:71,0
DA:72,0
DA:73,1
DA:74,2
DA:75,2
DA:76,0
DA:77,0
DA:78,0
DA:79,1
DA:80,1
DA:81,1
DA:82,1
DA:83,1
DA:84,1
DA:85,1
DA:86,1
DA:87,1
DA:88,2
DA:89,2
DA:90,2
DA:91,2
DA:92,0
DA:93,0
DA:94,0
DA:95,1
DA:96,2
DA:97,2
DA:98,2
DA:99,2
DA:100,2
DA:101,2
DA:102,2
DA:103,2
DA:104,0
DA:105,0
DA:106,0
DA:107,1
DA:108,2
DA:109,2
DA:110,2
DA:111,2
DA:112,2
DA:113,2
DA:114,2
DA:115,2
DA:116,2
DA:117,0
DA:118,0
DA:119,0
DA:120,1
DA:121,1
DA:122,1
DA:123,1
DA:124,1
DA:125,1
DA:126,2
DA:127,0
DA:128,0
DA:129,0
DA:130,1
DA:131,1
DA:132,2
DA:133,2
DA:134,2
DA:135,2
DA:136,2
DA:137,2
DA:138,2
DA:139,2
DA:140,0
DA:141,0
DA:142,0
DA:143,0
DA:144,0
DA:145,2
DA:146,1
DA:147,1
DA:148,1
DA:149,1
DA:150,1
DA:151,0
DA:152,0
DA:153,2
DA:154,1
DA:155,1
DA:156,1
DA:157,1
DA:158,1
DA:159,1
DA:160,1
DA:161,1
DA:162,1
DA:163,2
DA:164,0
DA:165,0
DA:166,0
DA:167,2
LF:167
LH:123
BRDA:13,0,0,1
BRDA:17,1,0,1
BRDA:19,2,0,0
BRDA:22,3,0,1
BRDA:25,4,0,0
BRDA:36,5,0,1
BRDA:38,6,0,0
BRDA:39,7,0,0
BRDA:39,8,0,0
BRDA:42,9,0,0
BRDA:45,10,0,2
BRDA:46,11,0,1
BRDA:69,12,0,0
BRDA:72,13,0,1
BRDA:74,14,0,0
BRDA:75,15,0,0
BRDA:78,16,0,1
BRDA:88,17,0,0
BRDA:89,18,0,0
BRDA:91,19,0,1
BRDA:91,20,0,0
BRDA:94,21,0,1
BRDA:96,22,0,0
BRDA:97,23,0,1
BRDA:97,24,0,0
BRDA:102,25,0,1
BRDA:103,26,0,0
BRDA:106,27,0,1
BRDA:108,28,0,0
BRDA:115,29,0,1
BRDA:116,30,0,0
BRDA:119,31,0,1
BRDA:126,32,0,0
BRDA:129,33,0,1
BRDA:132,34,0,0
BRDA:133,35,0,0
BRDA:134,36,0,1
BRDA:134,37,0,0
BRDA:138,38,0,1
BRDA:139,39,0,0
BRDA:145,40,0,1
BRDA:150,41,0,0
BRDA:151,42,0,0
BRDA:153,43,0,1
BRDA:163,44,0,0
BRDA:121,45,0,1
BRDA:121,46,0,0
BRF:47
BRH:21
end_of_record
TN:
SF:lib\buildOrQuery.js
FN:2,buildOrQuery
FNF:1
FNH:1
FNDA:2,buildOrQuery
DA:1,1
DA:2,1
DA:3,2
DA:4,2
LF:4
LH:4
BRDA:2,0,0,2
BRDA:3,1,0,2
BRF:2
BRH:2
end_of_record
TN:
SF:lib\db.js
FNF:0
FNH:0
DA:1,1
DA:2,1
DA:3,1
DA:4,1
DA:5,1
DA:6,1
DA:7,1
DA:8,1
DA:9,1
DA:10,1
DA:11,1
LF:11
LH:11
BRDA:7,0,0,0
BRDA:8,1,0,0
BRDA:10,2,0,0
BRF:3
BRH:0
end_of_record
TN:
SF:lib\embedText.js
FN:7,embedText
FNF:1
FNH:1
FNDA:1,embedText
DA:1,1
DA:2,1
DA:3,1
DA:4,1
DA:5,1
DA:6,1
DA:7,1
DA:8,1
DA:9,1
DA:10,1
DA:11,1
DA:12,1
DA:13,1
DA:14,1
DA:15,1
DA:16,1
DA:17,1
DA:18,1
DA:19,1
DA:20,1
DA:21,1
DA:22,1
DA:23,1
DA:24,1
LF:24
LH:24
BRDA:7,0,0,1
BRF:1
BRH:1
end_of_record
TN:
SF:lib\extractFrequentKeywords.js
FN:3,extractFrequentKeywords
FNF:1
FNH:1
FNDA:1,extractFrequentKeywords
DA:1,1
DA:2,1
DA:3,1
DA:4,1
DA:5,1
DA:6,1
DA:7,1
DA:8,1
DA:9,1
DA:10,1
DA:11,1
DA:12,8
DA:13,8
DA:14,8
DA:15,1
DA:16,1
DA:17,1
DA:18,1
DA:19,1
LF:19
LH:19
BRDA:3,0,0,1
BRDA:11,1,0,8
BRDA:12,2,0,0
BRDA:13,3,0,2
BRDA:17,4,0,2
BRDA:18,5,0,1
BRF:6
BRH:5
end_of_record
TN:
SF:lib\extractResumeText.js
FN:11,extractResumeText
FNF:1
FNH:1
FNDA:4,extractResumeText
DA:1,1
DA:2,1
DA:3,1
DA:4,1
DA:5,1
DA:6,1
DA:7,1
DA:8,1
DA:9,1
DA:10,1
DA:11,1
DA:12,4
DA:13,4
DA:14,4
DA:15,4
DA:16,4
DA:17,2
DA:18,2
DA:19,1
DA:20,1
DA:21,1
DA:22,1
DA:23,0
DA:24,0
DA:25,1
DA:26,1
DA:27,1
DA:28,1
DA:29,1
DA:30,3
DA:31,3
DA:32,3
DA:33,4
DA:34,4
DA:35,4
DA:36,4
DA:37,0
DA:38,0
DA:39,0
DA:40,0
DA:41,0
DA:42,0
DA:43,2
DA:44,2
DA:45,4
DA:46,4
DA:47,4
DA:48,3
DA:49,3
DA:50,3
DA:51,3
DA:52,4
DA:53,4
DA:54,4
DA:55,4
DA:56,4
DA:57,4
DA:58,4
DA:59,4
DA:60,2
DA:61,2
DA:62,2
DA:63,2
DA:64,4
LF:64
LH:56
BRDA:11,0,0,4
BRDA:16,1,0,2
BRDA:18,2,0,1
BRDA:22,3,0,0
BRDA:29,4,0,3
BRDA:32,5,0,2
BRDA:33,6,0,0
BRDA:36,7,0,0
BRDA:42,8,0,2
BRDA:45,9,0,2
BRDA:45,10,0,0
BRDA:59,11,0,2
BRDA:47,12,0,3
BRDA:48,13,0,0
BRDA:49,14,0,2
BRDA:49,15,0,2
BRDA:50,16,0,1
BRDA:51,17,0,2
BRDA:51,18,0,2
BRDA:53,19,0,2
BRF:20
BRH:15
end_of_record
TN:
SF:lib\extractSmartKeywords.js
FN:4,extractSmartKeywords
FNF:1
FNH:1
FNDA:1,extractSmartKeywords
DA:1,1
DA:2,1
DA:3,1
DA:4,1
DA:5,1
DA:6,1
DA:7,1
DA:8,1
DA:9,1
DA:10,1
DA:11,1
DA:12,1
DA:13,1
DA:14,1
DA:15,1
DA:16,1
DA:17,2
DA:18,2
DA:19,2
DA:20,2
DA:21,2
DA:22,1
DA:23,1
DA:24,1
DA:25,1
DA:26,1
DA:27,1
DA:28,1
DA:29,1
DA:30,1
DA:31,1
LF:31
LH:31
BRDA:4,0,0,1
BRDA:12,1,0,2
BRDA:13,2,0,2
BRDA:16,3,0,2
BRDA:19,4,0,0
BRDA:20,5,0,0
BRDA:26,6,0,1
BRDA:28,7,0,2
BRF:8
BRH:6
end_of_record
TN:
SF:lib\pdfParseWrapper.js
FN:7,parseWithMetadata
FNF:1
FNH:1
FNDA:2,parseWithMetadata
DA:1,1
DA:2,1
DA:3,1
DA:4,1
DA:5,1
DA:6,1
DA:7,1
DA:8,2
DA:9,2
DA:10,2
DA:11,2
DA:12,2
DA:13,2
DA:14,2
DA:15,2
DA:16,2
DA:17,2
DA:18,1
DA:19,1
DA:20,1
DA:21,1
DA:22,1
DA:23,1
DA:24,1
DA:25,1
DA:26,1
DA:27,1
DA:28,1
DA:29,1
DA:30,1
DA:31,1
DA:32,1
DA:33,1
DA:34,1
DA:35,1
DA:36,1
DA:37,1
DA:38,1
DA:39,1
DA:40,1
DA:41,1
DA:42,2
LF:42
LH:42
BRDA:7,0,0,2
BRDA:17,1,0,1
BRDA:26,2,0,1
BRF:3
BRH:3
end_of_record
TN:
SF:lib\resumeHandler.js
FN:6,handleResumeUpload
FNF:1
FNH:1
FNDA:1,handleResumeUpload
DA:1,1
DA:2,1
DA:3,1
DA:4,1
DA:5,1
DA:6,1
DA:7,1
DA:8,1
DA:9,1
DA:10,1
DA:11,1
DA:12,1
DA:13,1
DA:14,1
DA:15,1
DA:16,0
DA:17,0
DA:18,0
DA:19,0
DA:20,0
DA:21,0
DA:22,0
DA:23,1
LF:23
LH:16
BRDA:6,0,0,1
BRDA:8,1,0,0
BRDA:8,2,0,0
BRDA:15,3,0,0
BRF:4
BRH:1
end_of_record
TN:
SF:lib\saveResumeLocally.js
FN:4,saveResumeLocally
FNF:1
FNH:1
FNDA:1,saveResumeLocally
DA:1,1
DA:2,1
DA:3,1
DA:4,1
DA:5,1
DA:6,1
DA:7,1
DA:8,1
DA:9,1
DA:10,1
DA:11,1
DA:12,1
DA:13,1
LF:13
LH:13
BRDA:4,0,0,1
BRF:1
BRH:1
end_of_record
TN:
SF:lib\scrapeGoogleJobs.js
FN:7,getKeywords
FN:27,parseJobItem
FN:48,getPageResults
FN:67,scrapeGoogleJobs
FNF:4
FNH:4
FNDA:4,getKeywords
FNDA:2,parseJobItem
FNDA:3,getPageResults
FNDA:5,scrapeGoogleJobs
DA:1,1
DA:2,1
DA:3,1
DA:4,1
DA:5,1
DA:6,1
DA:7,4
DA:8,4
DA:9,4
DA:10,4
DA:11,4
DA:12,3
DA:13,4
DA:14,1
DA:15,1
DA:16,0
DA:17,0
DA:18,4
DA:19,4
DA:20,4
DA:21,4
DA:22,4
DA:23,4
DA:24,4
DA:25,1
DA:26,1
DA:27,2
DA:28,2
DA:29,2
DA:30,2
DA:31,2
DA:32,2
DA:33,2
DA:34,2
DA:35,2
DA:36,2
DA:37,2
DA:38,2
DA:39,2
DA:40,2
DA:41,2
DA:42,2
DA:43,2
DA:44,2
DA:45,2
DA:46,1
DA:47,1
DA:48,3
DA:49,3
DA:50,4
DA:51,4
DA:52,4
DA:53,4
DA:54,4
DA:55,2
DA:56,2
DA:57,2
DA:58,4
DA:59,2
DA:60,2
DA:61,2
DA:62,4
DA:63,1
DA:64,1
DA:65,1
DA:66,1
DA:67,1
DA:68,5
DA:69,5
DA:70,5
DA:71,5
DA:72,5
DA:73,5
DA:74,5
DA:75,5
DA:76,5
DA:77,5
DA:78,4
DA:79,4
DA:80,5
DA:81,4
DA:82,4
DA:83,4
DA:84,4
DA:85,4
DA:86,5
DA:87,1
DA:88,1
DA:89,3
DA:90,3
DA:91,3
DA:92,3
DA:93,3
DA:94,3
DA:95,3
DA:96,3
DA:97,3
DA:98,3
DA:99,3
DA:100,2
DA:101,3
DA:102,3
LF:102
LH:100
BRDA:7,0,0,4
BRDA:8,1,0,0
BRDA:11,2,0,3
BRDA:12,3,0,0
BRDA:12,4,0,0
BRDA:13,5,0,1
BRDA:15,6,0,0
BRDA:22,7,0,5
BRDA:27,8,0,2
BRDA:28,9,0,0
BRDA:29,10,0,0
BRDA:30,11,0,0
BRDA:31,12,0,1
BRDA:31,13,0,1
BRDA:36,14,0,0
BRDA:36,15,0,0
BRDA:38,16,0,0
BRDA:38,17,0,0
BRDA:39,18,0,0
BRDA:42,19,0,0
BRDA:48,20,0,3
BRDA:49,21,0,4
BRDA:52,22,0,3
BRDA:52,23,0,2
BRDA:53,24,0,0
BRDA:54,25,0,3
BRDA:54,26,0,0
BRDA:54,27,0,2
BRDA:58,28,0,2
BRDA:60,29,0,1
BRDA:60,30,0,1
BRDA:62,31,0,1
BRDA:56,32,0,2
BRDA:67,33,0,5
BRDA:69,34,0,4
BRDA:69,35,0,1
BRDA:69,36,0,1
BRDA:70,37,0,4
BRDA:70,38,0,3
BRDA:70,39,0,1
BRDA:72,40,0,1
BRDA:77,41,0,1
BRDA:77,42,0,4
BRDA:80,43,0,0
BRDA:80,44,0,4
BRDA:86,45,0,1
BRDA:88,46,0,3
BRDA:74,47,0,12
BRDA:82,48,0,5
BRDA:99,49,0,2
BRDA:100,50,0,1
BRF:51
BRH:35
end_of_record
TN:
SF:lib\seed.js
FN:3,seedDatabase
FNF:1
FNH:0
FNDA:0,seedDatabase
DA:1,1
DA:2,1
DA:3,1
DA:4,0
DA:5,0
DA:6,0
DA:7,0
DA:8,0
DA:9,0
DA:10,0
DA:11,0
DA:12,0
DA:13,0
DA:14,0
DA:15,0
DA:16,0
DA:17,0
DA:18,0
DA:19,0
DA:20,0
DA:21,0
DA:22,0
DA:23,0
DA:24,0
DA:25,0
DA:26,0
DA:27,0
DA:28,0
DA:29,0
DA:30,0
LF:30
LH:3
BRF:0
BRH:0
end_of_record
TN:
SF:lib\semanticMatch.js
FN:4,cosineSimilarity
FN:14,calculateSemanticSimilarity
FN:20,scoreJobs
FNF:3
FNH:2
FNDA:1,cosineSimilarity
FNDA:1,calculateSemanticSimilarity
FNDA:0,scoreJobs
DA:1,1
DA:2,1
DA:3,1
DA:4,1
DA:5,1
DA:6,1
DA:7,1
DA:8,1
DA:9,1
DA:10,1
DA:11,1
DA:12,1
DA:13,1
DA:14,1
DA:15,1
DA:16,1
DA:17,1
DA:18,1
DA:19,1
DA:20,1
DA:21,0
DA:22,0
DA:23,0
DA:24,0
DA:25,0
DA:26,0
DA:27,0
DA:28,0
DA:29,0
DA:30,0
DA:31,0
DA:32,0
DA:33,0
DA:34,0
DA:35,0
DA:36,0
DA:37,0
DA:38,0
DA:39,0
DA:40,0
DA:41,0
DA:42,0
DA:43,0
LF:43
LH:20
BRDA:4,0,0,1
BRDA:5,1,0,3
BRDA:6,2,0,3
BRDA:7,3,0,3
BRDA:14,4,0,1
BRF:5
BRH:5
end_of_record
TN:
SF:lib\sqlite-db.js
FNF:0
FNH:0
DA:1,1
DA:2,1
DA:3,1
DA:4,1
DA:5,0
DA:6,0
DA:7,0
DA:8,0
DA:9,0
DA:10,0
DA:11,0
DA:12,0
DA:13,0
DA:14,0
DA:15,0
DA:16,0
DA:17,0
DA:18,0
DA:19,0
DA:20,0
DA:21,0
DA:22,0
DA:23,1
DA:24,1
DA:25,1
LF:25
LH:7
BRDA:5,0,0,0
BRDA:5,1,0,0
BRF:2
BRH:0
end_of_record
TN:
SF:lib\sqlite-seed.js
FN:3,seedSqliteDatabase
FNF:1
FNH:1
FNDA:2,seedSqliteDatabase
DA:1,1
DA:2,1
DA:3,1
DA:4,2
DA:5,2
DA:6,2
DA:7,2
DA:8,2
DA:9,2
DA:10,2
DA:11,2
DA:12,2
DA:13,2
DA:14,2
DA:15,2
DA:16,2
DA:17,2
DA:18,2
DA:19,1
DA:20,1
DA:21,1
DA:22,2
LF:22
LH:22
BRDA:3,0,0,2
BRDA:18,1,0,1
BRF:2
BRH:2
end_of_record
TN:
SF:lib\stopwords.js
FNF:0
FNH:0
DA:1,1
DA:2,1
DA:3,1
DA:4,1
DA:5,1
DA:6,1
DA:7,1
DA:8,1
LF:8
LH:8
BRF:0
BRH:0
end_of_record
TN:
SF:lib\supabase-client.js
FN:1,(empty-report)
FNF:1
FNH:0
FNDA:0,(empty-report)
DA:1,0
DA:2,0
DA:3,0
DA:4,0
DA:5,0
DA:6,0
LF:6
LH:0
BRDA:1,0,0,0
BRF:1
BRH:0
end_of_record
TN:
SF:lib\controllers\resumeController.js
FN:5,handleResumeUpload
FNF:1
FNH:1
FNDA:2,handleResumeUpload
DA:1,1
DA:2,1
DA:3,1
DA:4,1
DA:5,1
DA:6,2
DA:7,2
DA:8,2
DA:9,2
DA:10,2
DA:11,2
DA:12,1
DA:13,1
DA:14,1
DA:15,1
DA:16,1
DA:17,1
DA:18,1
DA:19,1
DA:20,2
LF:20
LH:20
BRDA:5,0,0,2
BRDA:8,1,0,0
BRDA:9,2,0,0
BRDA:11,3,0,1
BRF:4
BRH:2
end_of_record
TN:
SF:lib\routes\resume.js
FNF:0
FNH:0
DA:1,1
DA:2,1
DA:3,1
DA:4,1
DA:5,1
DA:6,1
DA:7,1
DA:8,1
DA:9,1
DA:10,1
LF:10
LH:10
BRF:0
BRH:0
end_of_record
TN:
SF:src\App.jsx
FN:8,App
FNF:1
FNH:1
FNDA:3,App
DA:1,1
DA:2,1
DA:3,1
DA:4,1
DA:5,1
DA:6,1
DA:7,1
DA:8,3
DA:9,3
DA:10,3
DA:11,3
DA:12,3
DA:13,3
DA:14,3
DA:15,3
DA:16,3
DA:17,3
DA:18,3
DA:19,3
DA:20,3
DA:21,3
DA:22,1
DA:23,1
LF:23
LH:23
BRDA:8,0,0,3
BRF:1
BRH:1
end_of_record
TN:
SF:src\main.jsx
FN:1,(empty-report)
FNF:1
FNH:0
FNDA:0,(empty-report)
DA:1,0
DA:2,0
DA:3,0
DA:4,0
DA:5,0
DA:6,0
DA:7,0
DA:8,0
DA:9,0
DA:10,0
LF:10
LH:0
BRDA:1,0,0,0
BRF:1
BRH:0
end_of_record
TN:
SF:src\components\Footer.jsx
FN:3,Footer
FN:12,onClick
FNF:2
FNH:2
FNDA:14,Footer
FNDA:1,onClick
DA:1,1
DA:2,1
DA:3,1
DA:4,14
DA:5,14
DA:6,14
DA:7,14
DA:8,14
DA:9,14
DA:10,14
DA:11,14
DA:12,14
DA:13,14
DA:14,14
DA:15,14
DA:16,14
DA:17,14
DA:18,14
DA:19,14
DA:20,14
LF:20
LH:20
BRDA:3,0,0,14
BRDA:12,1,0,1
BRF:2
BRH:2
end_of_record
TN:
SF:src\components\JobCard.jsx
FN:3,JobCard
FNF:1
FNH:1
FNDA:2,JobCard
DA:1,1
DA:2,1
DA:3,1
DA:4,2
DA:5,2
DA:6,2
DA:7,2
DA:8,2
DA:9,2
DA:10,2
DA:11,2
DA:12,2
DA:13,2
DA:14,2
DA:15,2
DA:16,2
DA:17,2
DA:18,2
DA:19,2
DA:20,2
DA:21,2
DA:22,2
DA:23,2
DA:24,1
DA:25,1
DA:26,1
DA:27,1
DA:28,1
DA:29,1
DA:30,1
DA:31,1
DA:32,1
DA:33,1
DA:34,1
DA:35,1
DA:36,1
DA:37,1
DA:38,1
DA:39,1
DA:40,2
DA:41,2
DA:42,2
DA:43,2
DA:44,2
LF:44
LH:44
BRDA:3,0,0,2
BRDA:23,1,0,1
BRDA:32,2,0,1
BRF:3
BRH:3
end_of_record
TN:
SF:src\components\Loader.jsx
FN:1,Loader
FNF:1
FNH:1
FNDA:1,Loader
DA:1,1
DA:2,1
DA:3,1
DA:4,1
DA:5,1
DA:6,1
DA:7,1
LF:7
LH:7
BRDA:1,0,0,1
BRF:1
BRH:1
end_of_record
TN:
SF:src\components\Navbar.jsx
FN:3,Navbar
FNF:1
FNH:1
FNDA:1,Navbar
DA:1,1
DA:2,1
DA:3,1
DA:4,1
DA:5,1
DA:6,1
DA:7,1
DA:8,1
DA:9,1
DA:10,1
DA:11,1
DA:12,1
DA:13,1
DA:14,1
LF:14
LH:14
BRDA:3,0,0,1
BRF:1
BRH:1
end_of_record
TN:
SF:src\pages\About.jsx
FN:4,About
FNF:1
FNH:1
FNDA:1,About
DA:1,1
DA:2,1
DA:3,1
DA:4,1
DA:5,1
DA:6,1
DA:7,1
DA:8,1
DA:9,1
DA:10,1
DA:11,1
DA:12,1
DA:13,1
DA:14,1
DA:15,1
DA:16,1
DA:17,1
DA:18,1
DA:19,1
DA:20,1
DA:21,1
DA:22,1
DA:23,1
DA:24,1
DA:25,1
DA:26,1
DA:27,1
DA:28,1
DA:29,1
DA:30,1
DA:31,1
DA:32,1
DA:33,1
DA:34,1
DA:35,1
DA:36,1
DA:37,1
DA:38,1
LF:38
LH:38
BRDA:4,0,0,1
BRF:1
BRH:1
end_of_record
TN:
SF:src\pages\Connect.jsx
FN:5,Connect
FNF:1
FNH:1
FNDA:1,Connect
DA:1,1
DA:2,1
DA:3,1
DA:4,1
DA:5,1
DA:6,1
DA:7,1
DA:8,1
DA:9,1
DA:10,1
DA:11,1
DA:12,1
DA:13,1
DA:14,1
DA:15,1
DA:16,1
DA:17,1
DA:18,1
DA:19,1
DA:20,1
DA:21,1
DA:22,1
DA:23,1
DA:24,1
DA:25,1
DA:26,1
DA:27,1
DA:28,1
DA:29,1
DA:30,1
DA:31,1
DA:32,1
DA:33,1
DA:34,1
DA:35,1
DA:36,1
DA:37,1
DA:38,1
DA:39,1
DA:40,1
DA:41,1
DA:42,1
DA:43,1
DA:44,1
DA:45,1
DA:46,1
DA:47,1
DA:48,1
DA:49,1
DA:50,1
DA:51,1
DA:52,1
DA:53,1
DA:54,1
DA:55,1
DA:56,1
DA:57,1
DA:58,1
DA:59,1
DA:60,1
DA:61,1
DA:62,1
DA:63,1
DA:64,1
DA:65,1
DA:66,1
DA:67,1
DA:68,1
DA:69,1
LF:69
LH:69
BRDA:5,0,0,1
BRF:1
BRH:1
end_of_record
TN:
SF:src\pages\Home.jsx
FN:6,Home
FN:15,handleFileUpload
FN:22,handleMatch
FN:106,onChange
FN:119,onChange
FNF:5
FNH:2
FNDA:6,Home
FNDA:1,handleFileUpload
FNDA:0,handleMatch
FNDA:0,onChange
FNDA:0,onChange
DA:1,1
DA:2,1
DA:3,1
DA:4,1
DA:5,1
DA:6,1
DA:7,6
DA:8,6
DA:9,6
DA:10,6
DA:11,6
DA:12,6
DA:13,6
DA:14,6
DA:15,6
DA:16,1
DA:17,1
DA:18,1
DA:19,1
DA:20,6
DA:21,6
DA:22,6
DA:23,0
DA:24,0
DA:25,0
DA:26,0
DA:27,0
DA:28,0
DA:29,0
DA:30,0
DA:31,0
DA:32,0
DA:33,0
DA:34,0
DA:35,0
DA:36,0
DA:37,0
DA:38,0
DA:39,0
DA:40,0
DA:41,0
DA:42,0
DA:43,0
DA:44,0
DA:45,0
DA:46,0
DA:47,0
DA:48,0
DA:49,0
DA:50,0
DA:51,0
DA:52,0
DA:53,0
DA:54,0
DA:55,0
DA:56,0
DA:57,0
DA:58,0
DA:59,0
DA:60,0
DA:61,0
DA:62,0
DA:63,0
DA:64,0
DA:65,6
DA:66,6
DA:67,6
DA:68,6
DA:69,6
DA:70,6
DA:71,6
DA:72,6
DA:73,6
DA:74,6
DA:75,6
DA:76,6
DA:77,6
DA:78,6
DA:79,6
DA:80,6
DA:81,6
DA:82,6
DA:83,6
DA:84,6
DA:85,6
DA:86,6
DA:87,6
DA:88,6
DA:89,6
DA:90,6
DA:91,6
DA:92,6
DA:93,6
DA:94,6
DA:95,6
DA:96,6
DA:97,6
DA:98,6
DA:99,6
DA:100,6
DA:101,6
DA:102,6
DA:103,6
DA:104,6
DA:105,6
DA:106,6
DA:107,6
DA:108,6
DA:109,6
DA:110,6
DA:111,6
DA:112,6
DA:113,6
DA:114,6
DA:115,6
DA:116,6
DA:117,6
DA:118,6
DA:119,6
DA:120,6
DA:121,6
DA:122,6
DA:123,6
DA:124,6
DA:125,6
DA:126,6
DA:127,6
DA:128,6
DA:129,6
DA:130,6
DA:131,6
DA:132,6
DA:133,6
DA:134,6
DA:135,6
DA:136,6
DA:137,6
DA:138,6
DA:139,6
DA:140,6
DA:141,6
DA:142,6
DA:143,6
DA:144,6
DA:145,6
DA:146,6
DA:147,6
DA:148,6
LF:148
LH:106
BRDA:6,0,0,6
BRDA:97,1,0,1
BRDA:97,2,0,5
BRDA:135,3,0,0
BRDA:15,4,0,1
BRDA:17,5,0,0
BRF:6
BRH:4
end_of_record
TN:
SF:src\pages\JobDetail.jsx
FN:6,JobDetail
FNF:1
FNH:1
FNDA:5,JobDetail
DA:1,1
DA:2,1
DA:3,1
DA:4,1
DA:5,1
DA:6,1
DA:7,5
DA:8,5
DA:9,5
DA:10,5
DA:11,5
DA:12,3
DA:13,3
DA:14,3
DA:15,3
DA:16,1
DA:17,1
DA:18,3
DA:19,5
DA:20,5
DA:21,5
DA:22,1
DA:23,1
DA:24,1
DA:25,1
DA:26,1
DA:27,1
DA:28,1
DA:29,1
DA:30,1
DA:31,1
DA:32,1
DA:33,1
DA:34,1
DA:35,1
DA:36,1
DA:37,1
DA:38,1
DA:39,1
DA:40,1
DA:41,1
DA:42,4
DA:43,5
DA:44,3
DA:45,3
DA:46,3
DA:47,3
DA:48,3
DA:49,3
DA:50,3
DA:51,3
DA:52,3
DA:53,3
DA:54,3
DA:55,3
DA:56,3
DA:57,3
DA:58,3
DA:59,3
DA:60,3
DA:61,3
DA:62,3
DA:63,1
DA:64,1
DA:65,1
DA:66,1
DA:67,1
DA:68,1
DA:69,1
DA:70,1
DA:71,1
DA:72,1
DA:73,1
DA:74,1
DA:75,1
DA:76,1
DA:77,1
DA:78,1
DA:79,1
DA:80,1
DA:81,1
DA:82,1
DA:83,1
DA:84,1
DA:85,1
DA:86,1
DA:87,5
DA:88,1
DA:89,1
DA:90,1
DA:91,1
DA:92,1
DA:93,1
DA:94,1
DA:95,1
DA:96,0
DA:97,0
DA:98,0
DA:99,0
DA:100,0
DA:101,0
DA:102,0
DA:103,0
DA:104,5
DA:105,5
DA:106,5
DA:107,5
DA:108,5
DA:109,5
DA:110,5
DA:111,5
LF:111
LH:103
BRDA:6,0,0,5
BRDA:21,1,0,1
BRDA:41,2,0,4
BRDA:43,3,0,3
BRDA:62,4,0,1
BRDA:87,5,0,1
BRDA:96,6,0,0
BRDA:11,7,0,3
BRDA:14,8,0,2
BRDA:15,9,0,1
BRF:10
BRH:9
end_of_record
TN:
SF:src\pages\Results.jsx
FN:5,Results
FN:37,handleFilterChange
FN:82,onClick
FN:131,onClick
FN:142,onClick
FNF:5
FNH:2
FNDA:8,Results
FNDA:2,handleFilterChange
FNDA:0,onClick
FNDA:0,onClick
FNDA:0,onClick
DA:1,1
DA:2,1
DA:3,1
DA:4,1
DA:5,1
DA:6,8
DA:7,8
DA:8,8
DA:9,8
DA:10,8
DA:11,8
DA:12,8
DA:13,8
DA:14,8
DA:15,8
DA:16,8
DA:17,6
DA:18,30
DA:19,30
DA:20,105
DA:21,30
DA:22,30
DA:23,30
DA:24,6
DA:25,8
DA:26,8
DA:27,8
DA:28,8
DA:29,8
DA:30,8
DA:31,8
DA:32,8
DA:33,8
DA:34,8
DA:35,8
DA:36,8
DA:37,8
DA:38,2
DA:39,2
DA:40,8
DA:41,8
DA:42,8
DA:43,8
DA:44,8
DA:45,8
DA:46,8
DA:47,8
DA:48,8
DA:49,8
DA:50,8
DA:51,8
DA:52,8
DA:53,8
DA:54,8
DA:55,8
DA:56,8
DA:57,8
DA:58,8
DA:59,8
DA:60,8
DA:61,8
DA:62,8
DA:63,8
DA:64,8
DA:65,8
DA:66,8
DA:67,8
DA:68,8
DA:69,8
DA:70,8
DA:71,8
DA:72,8
DA:73,8
DA:74,8
DA:75,8
DA:76,8
DA:77,8
DA:78,1
DA:79,1
DA:80,1
DA:81,1
DA:82,1
DA:83,1
DA:84,1
DA:85,1
DA:86,1
DA:87,1
DA:88,7
DA:89,7
DA:90,7
DA:91,26
DA:92,26
DA:93,26
DA:94,26
DA:95,26
DA:96,26
DA:97,26
DA:98,26
DA:99,26
DA:100,26
DA:101,26
DA:102,26
DA:103,26
DA:104,26
DA:105,26
DA:106,26
DA:107,26
DA:108,21
DA:109,21
DA:110,21
DA:111,21
DA:112,21
DA:113,21
DA:114,21
DA:115,21
DA:116,5
DA:117,5
DA:118,5
DA:119,5
DA:120,26
DA:121,26
DA:122,26
DA:123,7
DA:124,7
DA:125,8
DA:126,8
DA:127,8
DA:128,1
DA:129,1
DA:130,1
DA:131,1
DA:132,1
DA:133,1
DA:134,1
DA:135,1
DA:136,1
DA:137,1
DA:138,1
DA:139,1
DA:140,1
DA:141,1
DA:142,1
DA:143,1
DA:144,1
DA:145,1
DA:146,1
DA:147,1
DA:148,1
DA:149,8
DA:150,8
DA:151,8
DA:152,8
DA:153,8
DA:154,8
DA:155,8
DA:156,1
DA:157,1
LF:157
LH:157
BRDA:5,0,0,8
BRDA:9,1,0,0
BRDA:10,2,0,0
BRDA:77,3,0,1
BRDA:88,4,0,7
BRDA:127,5,0,1
BRDA:16,6,0,6
BRDA:17,7,0,30
BRDA:18,8,0,0
BRDA:19,9,0,105
BRDA:20,10,0,75
BRDA:20,11,0,30
BRDA:27,12,0,8
BRDA:28,13,0,36
BRDA:32,14,0,8
BRDA:37,15,0,2
BRDA:90,16,0,26
BRDA:98,17,0,16
BRDA:102,18,0,5
BRDA:102,19,0,21
BRDA:107,20,0,21
BRDA:116,21,0,5
BRF:22
BRH:19
end_of_record
TN:
SF:src\utils\api.js
FN:5,uploadResume
FN:12,getJobDetail
FNF:2
FNH:2
FNDA:1,uploadResume
FNDA:1,getJobDetail
DA:1,1
DA:2,1
DA:3,1
DA:4,1
DA:5,1
DA:6,1
DA:7,1
DA:8,1
DA:9,1
DA:10,1
DA:11,1
DA:12,1
DA:13,1
DA:14,1
DA:15,1
LF:15
LH:15
BRDA:5,0,0,1
BRDA:12,1,0,1
BRF:2
BRH:2
end_of_record
TN:
SF:src\utils\extractKeywords.js
FN:1,extractKeywords
FNF:1
FNH:1
FNDA:8,extractKeywords
DA:1,1
DA:2,8
DA:3,8
DA:4,8
DA:5,8
DA:6,8
DA:7,8
DA:8,8
DA:9,8
DA:10,8
DA:11,8
DA:12,8
DA:13,8
DA:14,8
DA:15,8
DA:16,8
DA:17,8
DA:18,8
DA:19,8
DA:20,8
DA:21,8
DA:22,8
DA:23,8
DA:24,8
DA:25,8
DA:26,31
DA:27,8
DA:28,8
DA:29,8
DA:30,31
DA:31,8
DA:32,8
DA:33,8
DA:34,8
DA:35,8
DA:36,8
DA:37,8
DA:38,8
LF:38
LH:38
BRDA:1,0,0,8
BRDA:21,1,0,61
BRDA:22,2,0,61
BRDA:22,3,0,47
BRDA:25,4,0,31
BRDA:29,5,0,31
BRF:6
BRH:6
end_of_record
TN:
SF:src\utils\highlightKeywords.js
FN:1,highlightKeywords
FN:3,escapeRegex
FNF:2
FNH:2
FNDA:1,highlightKeywords
FNDA:2,escapeRegex
DA:1,1
DA:2,1
DA:3,1
DA:4,1
DA:5,1
DA:6,1
DA:7,1
DA:8,1
DA:9,2
DA:10,2
DA:11,2
DA:12,2
DA:13,2
DA:14,2
DA:15,1
DA:16,1
DA:17,1
DA:18,1
LF:18
LH:18
BRDA:1,0,0,1
BRDA:3,1,0,2
BRDA:8,2,0,2
BRF:3
BRH:3
end_of_record
TN:
SF:src\utils\parsePdf.js
FN:6,extractTextFromPdf
FN:10,reader.onload
FNF:2
FNH:2
FNDA:1,extractTextFromPdf
FNDA:1,reader.onload
DA:1,1
DA:2,1
DA:3,1
DA:4,1
DA:5,1
DA:6,1
DA:7,1
DA:8,1
DA:9,1
DA:10,1
DA:11,1
DA:12,1
DA:13,1
DA:14,1
DA:15,1
DA:16,1
DA:17,1
DA:18,1
DA:19,1
DA:20,1
DA:21,1
DA:22,1
DA:23,1
DA:24,1
DA:25,0
DA:26,0
DA:27,1
DA:28,1
DA:29,1
DA:30,1
DA:31,1
DA:32,1
LF:32
LH:30
BRDA:6,0,0,1
BRDA:9,1,0,1
BRDA:10,2,0,1
BRDA:24,3,0,0
BRDA:19,4,0,1
BRF:5
BRH:4
end_of_record
