TN:
SF:lib\extractResumeText.js
FN:9,extractResumeText
FN:39,(anonymous_1)
FN:45,(anonymous_2)
FNF:3
FNH:3
FNDA:4,extractResumeText
FNDA:3,(anonymous_1)
FNDA:2,(anonymous_2)
DA:10,4
DA:14,4
DA:15,2
DA:16,2
DA:17,1
DA:18,1
DA:20,1
DA:24,3
DA:25,2
DA:28,2
DA:29,0
DA:30,0
DA:37,2
DA:38,2
DA:40,3
DA:41,3
DA:43,3
DA:45,2
DA:47,2
DA:54,2
DA:55,2
DA:56,2
LF:22
LH:20
BRDA:14,0,0,2
BRDA:14,0,1,2
BRDA:16,1,0,1
BRDA:16,1,1,1
BRDA:17,2,0,0
BRDA:17,2,1,1
BRDA:25,3,0,2
BRDA:25,3,1,0
BRDA:28,4,0,0
BRDA:28,4,1,2
BRDA:37,5,0,2
BRDA:37,5,1,0
BRDA:40,6,0,3
BRDA:40,6,1,0
BRDA:41,7,0,3
BRDA:41,7,1,2
BRDA:41,7,2,2
BRDA:41,7,3,1
BRDA:43,8,0,3
BRDA:43,8,1,2
BRDA:43,8,2,2
BRF:21
BRH:16
end_of_record
TN:
SF:lib\scrapeGoogleJobs.js
FN:7,getKeywords
FN:22,(anonymous_1)
FN:27,parseJobItem
FN:54,fetchPageResults
FN:62,(anonymous_4)
FN:63,(anonymous_5)
FN:73,scrapeGoogleJobs
FN:79,(anonymous_7)
FN:87,(anonymous_8)
FN:117,(anonymous_9)
FNF:10
FNH:10
FNDA:3,getKeywords
FNDA:3,(anonymous_1)
FNDA:4,parseJobItem
FNDA:5,fetchPageResults
FNDA:4,(anonymous_4)
FNDA:4,(anonymous_5)
FNDA:4,scrapeGoogleJobs
FNDA:7,(anonymous_7)
FNDA:3,(anonymous_8)
FNDA:4,(anonymous_9)
DA:4,1
DA:8,3
DA:9,3
DA:11,3
DA:12,3
DA:13,0
DA:14,0
DA:15,0
DA:16,0
DA:19,3
DA:22,3
DA:28,4
DA:29,4
DA:30,4
DA:32,4
DA:33,4
DA:34,4
DA:37,4
DA:38,4
DA:39,1
DA:41,4
DA:55,5
DA:56,5
DA:57,5
DA:58,4
DA:61,4
DA:62,4
DA:63,4
DA:65,4
DA:68,1
DA:74,4
DA:75,4
DA:76,4
DA:79,7
DA:80,4
DA:82,4
DA:84,3
DA:85,3
DA:87,3
DA:89,3
DA:91,2
DA:93,2
DA:95,2
DA:96,4
DA:97,4
DA:99,4
DA:100,5
DA:102,5
DA:103,4
DA:104,4
DA:105,4
DA:106,0
DA:109,1
DA:110,1
DA:114,4
DA:117,2
DA:118,4
LF:57
LH:52
BRDA:8,0,0,0
BRDA:8,0,1,3
BRDA:11,1,0,3
BRDA:11,1,1,0
BRDA:11,2,0,3
BRDA:11,2,1,3
BRDA:12,3,0,1
BRDA:12,3,1,2
BRDA:12,4,0,2
BRDA:12,4,1,0
BRDA:13,5,0,0
BRDA:13,5,1,0
BRDA:15,6,0,0
BRDA:15,6,1,0
BRDA:28,7,0,4
BRDA:28,7,1,0
BRDA:28,7,2,0
BRDA:30,8,0,4
BRDA:30,8,1,0
BRDA:33,9,0,4
BRDA:33,9,1,0
BRDA:34,10,0,4
BRDA:34,10,1,0
BRDA:38,11,0,3
BRDA:38,11,1,1
BRDA:39,12,0,0
BRDA:39,12,1,1
BRDA:44,13,0,4
BRDA:44,13,1,0
BRDA:47,14,0,4
BRDA:47,14,1,0
BRDA:49,15,0,0
BRDA:49,15,1,4
BRDA:58,16,0,0
BRDA:58,16,1,4
BRDA:58,17,0,4
BRDA:58,17,1,4
BRDA:68,18,0,1
BRDA:68,18,1,0
BRDA:73,19,0,0
BRDA:73,20,0,4
BRDA:73,21,0,4
BRDA:74,22,0,4
BRDA:74,22,1,4
BRDA:75,23,0,4
BRDA:75,23,1,0
BRDA:75,24,0,4
BRDA:75,24,1,1
BRDA:76,25,0,4
BRDA:76,25,1,0
BRDA:76,26,0,4
BRDA:76,26,1,3
BRDA:79,27,0,4
BRDA:79,27,1,1
BRDA:82,28,0,1
BRDA:82,28,1,3
BRDA:82,29,0,4
BRDA:82,29,1,3
BRDA:85,30,0,0
BRDA:85,30,1,3
BRDA:89,31,0,1
BRDA:89,31,1,2
BRDA:102,32,0,4
BRDA:102,32,1,1
BRDA:105,33,0,4
BRDA:105,33,1,0
BRDA:109,34,0,0
BRDA:109,34,1,1
BRDA:110,35,0,0
BRDA:110,35,1,1
BRDA:114,36,0,0
BRDA:114,36,1,4
BRDA:118,37,0,4
BRDA:118,37,1,2
BRF:74
BRH:48
end_of_record
TN:
SF:lib\semanticMatch.js
FN:4,cosineSimilarity
FN:5,(anonymous_1)
FN:6,(anonymous_2)
FN:7,(anonymous_3)
FN:11,scoreJobs
FN:14,(anonymous_5)
FN:28,(anonymous_6)
FN:33,(anonymous_7)
FNF:8
FNH:8
FNDA:4,cosineSimilarity
FNDA:8,(anonymous_1)
FNDA:8,(anonymous_2)
FNDA:8,(anonymous_3)
FNDA:4,scoreJobs
FNDA:6,(anonymous_5)
FNDA:6,(anonymous_6)
FNDA:2,(anonymous_7)
DA:5,8
DA:6,8
DA:7,8
DA:8,4
DA:12,4
DA:14,4
DA:15,6
DA:17,6
DA:18,2
DA:21,4
DA:22,4
DA:24,4
DA:28,6
DA:33,4
LF:14
LH:14
BRDA:15,0,0,6
BRDA:15,0,1,1
BRDA:15,1,0,6
BRDA:15,1,1,1
BRDA:17,2,0,2
BRDA:17,2,1,4
BRF:6
BRH:6
end_of_record
